#
# There is insufficient memory for the Java Runtime Environment to continue.
# Native memory allocation (mmap) failed to map 65536 bytes. Error detail: Failed to commit metaspace.
# Possible reasons:
#   The system is out of physical RAM or swap space
#   This process is running with CompressedOops enabled, and the Java Heap may be blocking the growth of the native heap
# Possible solutions:
#   Reduce memory load on the system
#   Increase physical memory or swap space
#   Check if swap backing store is full
#   Decrease Java heap size (-Xmx/-Xms)
#   Decrease number of Java threads
#   Decrease Java thread stack sizes (-Xss)
#   Set larger code cache with -XX:ReservedCodeCacheSize=
#   JVM is running with Zero Based Compressed Oops mode in which the Java heap is
#     placed in the first 32GB address space. The Java Heap base address is the
#     maximum limit for the native heap growth. Please use -XX:HeapBaseMinAddress
#     to set the Java Heap base and to place the Java Heap above 32GB virtual address.
# This output file may be truncated or incomplete.
#
#  Out of Memory Error (virtualSpaceNode.cpp:113), pid=15240, tid=12820
#
# JRE version: OpenJDK Runtime Environment Temurin-21.0.9+10 (21.0.9+10) (build 21.0.9+10-LTS)
# Java VM: OpenJDK 64-Bit Server VM Temurin-21.0.9+10 (21.0.9+10-LTS, mixed mode, tiered, compressed oops, compressed class ptrs, g1 gc, windows-amd64)
# No core dump will be written. Minidumps are not enabled by default on client versions of Windows
#

---------------  S U M M A R Y ------------

Command Line: -Dfile.encoding=UTF-8 -Dstdout.encoding=UTF-8 -Dstderr.encoding=UTF-8 -XX:+ShowCodeDetailsInExceptionMessages main.Main

Host: AMD Ryzen 3 2200G with Radeon Vega Graphics    , 4 cores, 13G,  Windows 10 , 64 bit Build 19041 (10.0.19041.5915)
Time: Sat Feb 28 20:32:36 2026 Malay Peninsula Standard Time elapsed time: 0.144064 seconds (0d 0h 0m 0s)

---------------  T H R E A D  ---------------

Current thread (0x0000029684086e30):  JavaThread "C1 CompilerThread0" daemon [_thread_in_vm, id=12820, stack(0x000000e0f9d00000,0x000000e0f9e00000) (1024K)]


Current CompileTask:
C1:144   47       3       java.util.HashMap::putVal (300 bytes)

Stack: [0x000000e0f9d00000,0x000000e0f9e00000]
Native frames: (J=compiled Java code, j=interpreted, Vv=VM code, C=native code)
V  [jvm.dll+0x6d6e29]
V  [jvm.dll+0x8b4b76]
V  [jvm.dll+0x8b712e]
V  [jvm.dll+0x8b7813]
V  [jvm.dll+0x283d86]
V  [jvm.dll+0x8b08be]
V  [jvm.dll+0x678824]
V  [jvm.dll+0x67888a]
V  [jvm.dll+0x67b086]
V  [jvm.dll+0x67af52]
V  [jvm.dll+0x6791fe]
V  [jvm.dll+0x68a6ca]
V  [jvm.dll+0x683842]
V  [jvm.dll+0x1f6150]
V  [jvm.dll+0x1f6338]
V  [jvm.dll+0x169161]
V  [jvm.dll+0x168fa6]
V  [jvm.dll+0x160b70]
V  [jvm.dll+0x162e0d]
V  [jvm.dll+0x161416]
V  [jvm.dll+0x15b257]
V  [jvm.dll+0x16abd8]
V  [jvm.dll+0x156845]
V  [jvm.dll+0x156b92]
V  [jvm.dll+0x156e44]
V  [jvm.dll+0x15625c]
V  [jvm.dll+0x157fed]
V  [jvm.dll+0x25b29d]
V  [jvm.dll+0x25982a]
V  [jvm.dll+0x3f7ea6]
V  [jvm.dll+0x85e9ad]
V  [jvm.dll+0x6d565d]
C  [ucrtbase.dll+0x21bb2]
C  [KERNEL32.DLL+0x17374]
C  [ntdll.dll+0x4cc91]


---------------  P R O C E S S  ---------------

Threads class SMR info:
_java_thread_list=0x0000029684084f60, length=9, elements={
0x00000296cab8f330, 0x0000029684031100, 0x00000296840320b0, 0x000002968407cc70,
0x000002968407dad0, 0x000002968407e930, 0x0000029684081390, 0x0000029684082110,
0x0000029684086e30
}

Java Threads: ( => current thread )
  0x00000296cab8f330 JavaThread "main"                              [_thread_in_vm, id=9168, stack(0x000000e0f8e00000,0x000000e0f8f00000) (1024K)]
  0x0000029684031100 JavaThread "Reference Handler"          daemon [_thread_blocked, id=8616, stack(0x000000e0f9600000,0x000000e0f9700000) (1024K)]
  0x00000296840320b0 JavaThread "Finalizer"                  daemon [_thread_blocked, id=7124, stack(0x000000e0f9700000,0x000000e0f9800000) (1024K)]
  0x000002968407cc70 JavaThread "Signal Dispatcher"          daemon [_thread_blocked, id=16232, stack(0x000000e0f9800000,0x000000e0f9900000) (1024K)]
  0x000002968407dad0 JavaThread "Attach Listener"            daemon [_thread_blocked, id=5272, stack(0x000000e0f9900000,0x000000e0f9a00000) (1024K)]
  0x000002968407e930 JavaThread "Service Thread"             daemon [_thread_blocked, id=8576, stack(0x000000e0f9a00000,0x000000e0f9b00000) (1024K)]
  0x0000029684081390 JavaThread "Monitor Deflation Thread"   daemon [_thread_blocked, id=21488, stack(0x000000e0f9b00000,0x000000e0f9c00000) (1024K)]
  0x0000029684082110 JavaThread "C2 CompilerThread0"         daemon [_thread_blocked, id=13484, stack(0x000000e0f9c00000,0x000000e0f9d00000) (1024K)]
=>0x0000029684086e30 JavaThread "C1 CompilerThread0"         daemon [_thread_in_vm, id=12820, stack(0x000000e0f9d00000,0x000000e0f9e00000) (1024K)]
Total: 9

Other Threads:
  0x00000296e6185ba0 VMThread "VM Thread"                           [id=23144, stack(0x000000e0f9500000,0x000000e0f9600000) (1024K)]
  0x00000296e61722d0 WatcherThread "VM Periodic Task Thread"        [id=12996, stack(0x000000e0f9400000,0x000000e0f9500000) (1024K)]
  0x00000296ccda89e0 WorkerThread "GC Thread#0"                     [id=23588, stack(0x000000e0f8f00000,0x000000e0f9000000) (1024K)]
  0x00000296ccdd4e80 ConcurrentGCThread "G1 Main Marker"            [id=24240, stack(0x000000e0f9000000,0x000000e0f9100000) (1024K)]
  0x00000296ccdd5980 WorkerThread "G1 Conc#0"                       [id=18388, stack(0x000000e0f9100000,0x000000e0f9200000) (1024K)]
  0x00000296e603f550 ConcurrentGCThread "G1 Refine#0"               [id=6916, stack(0x000000e0f9200000,0x000000e0f9300000) (1024K)]
  0x00000296e6040d80 ConcurrentGCThread "G1 Service"                [id=13036, stack(0x000000e0f9300000,0x000000e0f9400000) (1024K)]
Total: 7

Threads with active compile tasks:
C1 CompilerThread0  195   47       3       java.util.HashMap::putVal (300 bytes)
Total: 1

VM state: not at safepoint (normal execution)

VM Mutex/Monitor currently owned by a thread:  ([mutex/lock_event])
[0x00007ff9e121b4f0] Metaspace_lock - owner thread: 0x0000029684086e30

Heap address: 0x0000000720c00000, size: 3572 MB, Compressed Oops mode: Zero based, Oop shift amount: 3

CDS archive(s) not mapped
Compressed class space mapped at: 0x0000000800000000-0x0000000840000000, reserved size: 1073741824
Narrow klass base: 0x0000000800000000, Narrow klass shift: 0, Narrow klass range: 0x40000000

GC Precious Log:
 CardTable entry size: 512
 Card Set container configuration: InlinePtr #cards 4 size 8 Array Of Cards #cards 16 size 48 Howl #buckets 8 coarsen threshold 3686 Howl Bitmap #cards 512 size 80 coarsen threshold 460 Card regions per heap region 1 cards per card region 4096
 CPUs: 4 total, 4 available
 Memory: 14284M
 Large Page Support: Disabled
 NUMA Support: Disabled
 Compressed Oops: Enabled (Zero based)
 Heap Region Size: 2M
 Heap Min Capacity: 8M
 Heap Initial Capacity: 224M
 Heap Max Capacity: 3572M
 Pre-touch: Disabled
 Parallel Workers: 4
 Concurrent Workers: 1
 Concurrent Refinement Workers: 4
 Periodic GC: Disabled

Heap:
 garbage-first heap   total 229376K, used 0K [0x0000000720c00000, 0x0000000800000000)
  region size 2048K, 1 young (2048K), 0 survivors (0K)
 Metaspace       used 4021K, committed 4032K, reserved 1114112K
  class space    used 310K, committed 320K, reserved 1048576K

Heap Regions: E=young(eden), S=young(survivor), O=old, HS=humongous(starts), HC=humongous(continues), CS=collection set, F=free, TAMS=top-at-mark-start, PB=parsable bottom
|   0|0x0000000720c00000, 0x0000000720c00000, 0x0000000720e00000|  0%| F|  |TAMS 0x0000000720c00000| PB 0x0000000720c00000| Untracked 
|   1|0x0000000720e00000, 0x0000000720e00000, 0x0000000721000000|  0%| F|  |TAMS 0x0000000720e00000| PB 0x0000000720e00000| Untracked 
|   2|0x0000000721000000, 0x0000000721000000, 0x0000000721200000|  0%| F|  |TAMS 0x0000000721000000| PB 0x0000000721000000| Untracked 
|   3|0x0000000721200000, 0x0000000721200000, 0x0000000721400000|  0%| F|  |TAMS 0x0000000721200000| PB 0x0000000721200000| Untracked 
|   4|0x0000000721400000, 0x0000000721400000, 0x0000000721600000|  0%| F|  |TAMS 0x0000000721400000| PB 0x0000000721400000| Untracked 
|   5|0x0000000721600000, 0x0000000721600000, 0x0000000721800000|  0%| F|  |TAMS 0x0000000721600000| PB 0x0000000721600000| Untracked 
|   6|0x0000000721800000, 0x0000000721800000, 0x0000000721a00000|  0%| F|  |TAMS 0x0000000721800000| PB 0x0000000721800000| Untracked 
|   7|0x0000000721a00000, 0x0000000721a00000, 0x0000000721c00000|  0%| F|  |TAMS 0x0000000721a00000| PB 0x0000000721a00000| Untracked 
|   8|0x0000000721c00000, 0x0000000721c00000, 0x0000000721e00000|  0%| F|  |TAMS 0x0000000721c00000| PB 0x0000000721c00000| Untracked 
|   9|0x0000000721e00000, 0x0000000721e00000, 0x0000000722000000|  0%| F|  |TAMS 0x0000000721e00000| PB 0x0000000721e00000| Untracked 
|  10|0x0000000722000000, 0x0000000722000000, 0x0000000722200000|  0%| F|  |TAMS 0x0000000722000000| PB 0x0000000722000000| Untracked 
|  11|0x0000000722200000, 0x0000000722200000, 0x0000000722400000|  0%| F|  |TAMS 0x0000000722200000| PB 0x0000000722200000| Untracked 
|  12|0x0000000722400000, 0x0000000722400000, 0x0000000722600000|  0%| F|  |TAMS 0x0000000722400000| PB 0x0000000722400000| Untracked 
|  13|0x0000000722600000, 0x0000000722600000, 0x0000000722800000|  0%| F|  |TAMS 0x0000000722600000| PB 0x0000000722600000| Untracked 
|  14|0x0000000722800000, 0x0000000722800000, 0x0000000722a00000|  0%| F|  |TAMS 0x0000000722800000| PB 0x0000000722800000| Untracked 
|  15|0x0000000722a00000, 0x0000000722a00000, 0x0000000722c00000|  0%| F|  |TAMS 0x0000000722a00000| PB 0x0000000722a00000| Untracked 
|  16|0x0000000722c00000, 0x0000000722c00000, 0x0000000722e00000|  0%| F|  |TAMS 0x0000000722c00000| PB 0x0000000722c00000| Untracked 
|  17|0x0000000722e00000, 0x0000000722e00000, 0x0000000723000000|  0%| F|  |TAMS 0x0000000722e00000| PB 0x0000000722e00000| Untracked 
|  18|0x0000000723000000, 0x0000000723000000, 0x0000000723200000|  0%| F|  |TAMS 0x0000000723000000| PB 0x0000000723000000| Untracked 
|  19|0x0000000723200000, 0x0000000723200000, 0x0000000723400000|  0%| F|  |TAMS 0x0000000723200000| PB 0x0000000723200000| Untracked 
|  20|0x0000000723400000, 0x0000000723400000, 0x0000000723600000|  0%| F|  |TAMS 0x0000000723400000| PB 0x0000000723400000| Untracked 
|  21|0x0000000723600000, 0x0000000723600000, 0x0000000723800000|  0%| F|  |TAMS 0x0000000723600000| PB 0x0000000723600000| Untracked 
|  22|0x0000000723800000, 0x0000000723800000, 0x0000000723a00000|  0%| F|  |TAMS 0x0000000723800000| PB 0x0000000723800000| Untracked 
|  23|0x0000000723a00000, 0x0000000723a00000, 0x0000000723c00000|  0%| F|  |TAMS 0x0000000723a00000| PB 0x0000000723a00000| Untracked 
|  24|0x0000000723c00000, 0x0000000723c00000, 0x0000000723e00000|  0%| F|  |TAMS 0x0000000723c00000| PB 0x0000000723c00000| Untracked 
|  25|0x0000000723e00000, 0x0000000723e00000, 0x0000000724000000|  0%| F|  |TAMS 0x0000000723e00000| PB 0x0000000723e00000| Untracked 
|  26|0x0000000724000000, 0x0000000724000000, 0x0000000724200000|  0%| F|  |TAMS 0x0000000724000000| PB 0x0000000724000000| Untracked 
|  27|0x0000000724200000, 0x0000000724200000, 0x0000000724400000|  0%| F|  |TAMS 0x0000000724200000| PB 0x0000000724200000| Untracked 
|  28|0x0000000724400000, 0x0000000724400000, 0x0000000724600000|  0%| F|  |TAMS 0x0000000724400000| PB 0x0000000724400000| Untracked 
|  29|0x0000000724600000, 0x0000000724600000, 0x0000000724800000|  0%| F|  |TAMS 0x0000000724600000| PB 0x0000000724600000| Untracked 
|  30|0x0000000724800000, 0x0000000724800000, 0x0000000724a00000|  0%| F|  |TAMS 0x0000000724800000| PB 0x0000000724800000| Untracked 
|  31|0x0000000724a00000, 0x0000000724a00000, 0x0000000724c00000|  0%| F|  |TAMS 0x0000000724a00000| PB 0x0000000724a00000| Untracked 
|  32|0x0000000724c00000, 0x0000000724c00000, 0x0000000724e00000|  0%| F|  |TAMS 0x0000000724c00000| PB 0x0000000724c00000| Untracked 
|  33|0x0000000724e00000, 0x0000000724e00000, 0x0000000725000000|  0%| F|  |TAMS 0x0000000724e00000| PB 0x0000000724e00000| Untracked 
|  34|0x0000000725000000, 0x0000000725000000, 0x0000000725200000|  0%| F|  |TAMS 0x0000000725000000| PB 0x0000000725000000| Untracked 
|  35|0x0000000725200000, 0x0000000725200000, 0x0000000725400000|  0%| F|  |TAMS 0x0000000725200000| PB 0x0000000725200000| Untracked 
|  36|0x0000000725400000, 0x0000000725400000, 0x0000000725600000|  0%| F|  |TAMS 0x0000000725400000| PB 0x0000000725400000| Untracked 
|  37|0x0000000725600000, 0x0000000725600000, 0x0000000725800000|  0%| F|  |TAMS 0x0000000725600000| PB 0x0000000725600000| Untracked 
|  38|0x0000000725800000, 0x0000000725800000, 0x0000000725a00000|  0%| F|  |TAMS 0x0000000725800000| PB 0x0000000725800000| Untracked 
|  39|0x0000000725a00000, 0x0000000725a00000, 0x0000000725c00000|  0%| F|  |TAMS 0x0000000725a00000| PB 0x0000000725a00000| Untracked 
|  40|0x0000000725c00000, 0x0000000725c00000, 0x0000000725e00000|  0%| F|  |TAMS 0x0000000725c00000| PB 0x0000000725c00000| Untracked 
|  41|0x0000000725e00000, 0x0000000725e00000, 0x0000000726000000|  0%| F|  |TAMS 0x0000000725e00000| PB 0x0000000725e00000| Untracked 
|  42|0x0000000726000000, 0x0000000726000000, 0x0000000726200000|  0%| F|  |TAMS 0x0000000726000000| PB 0x0000000726000000| Untracked 
|  43|0x0000000726200000, 0x0000000726200000, 0x0000000726400000|  0%| F|  |TAMS 0x0000000726200000| PB 0x0000000726200000| Untracked 
|  44|0x0000000726400000, 0x0000000726400000, 0x0000000726600000|  0%| F|  |TAMS 0x0000000726400000| PB 0x0000000726400000| Untracked 
|  45|0x0000000726600000, 0x0000000726600000, 0x0000000726800000|  0%| F|  |TAMS 0x0000000726600000| PB 0x0000000726600000| Untracked 
|  46|0x0000000726800000, 0x0000000726800000, 0x0000000726a00000|  0%| F|  |TAMS 0x0000000726800000| PB 0x0000000726800000| Untracked 
|  47|0x0000000726a00000, 0x0000000726a00000, 0x0000000726c00000|  0%| F|  |TAMS 0x0000000726a00000| PB 0x0000000726a00000| Untracked 
|  48|0x0000000726c00000, 0x0000000726c00000, 0x0000000726e00000|  0%| F|  |TAMS 0x0000000726c00000| PB 0x0000000726c00000| Untracked 
|  49|0x0000000726e00000, 0x0000000726e00000, 0x0000000727000000|  0%| F|  |TAMS 0x0000000726e00000| PB 0x0000000726e00000| Untracked 
|  50|0x0000000727000000, 0x0000000727000000, 0x0000000727200000|  0%| F|  |TAMS 0x0000000727000000| PB 0x0000000727000000| Untracked 
|  51|0x0000000727200000, 0x0000000727200000, 0x0000000727400000|  0%| F|  |TAMS 0x0000000727200000| PB 0x0000000727200000| Untracked 
|  52|0x0000000727400000, 0x0000000727400000, 0x0000000727600000|  0%| F|  |TAMS 0x0000000727400000| PB 0x0000000727400000| Untracked 
|  53|0x0000000727600000, 0x0000000727600000, 0x0000000727800000|  0%| F|  |TAMS 0x0000000727600000| PB 0x0000000727600000| Untracked 
|  54|0x0000000727800000, 0x0000000727800000, 0x0000000727a00000|  0%| F|  |TAMS 0x0000000727800000| PB 0x0000000727800000| Untracked 
|  55|0x0000000727a00000, 0x0000000727a00000, 0x0000000727c00000|  0%| F|  |TAMS 0x0000000727a00000| PB 0x0000000727a00000| Untracked 
|  56|0x0000000727c00000, 0x0000000727c00000, 0x0000000727e00000|  0%| F|  |TAMS 0x0000000727c00000| PB 0x0000000727c00000| Untracked 
|  57|0x0000000727e00000, 0x0000000727e00000, 0x0000000728000000|  0%| F|  |TAMS 0x0000000727e00000| PB 0x0000000727e00000| Untracked 
|  58|0x0000000728000000, 0x0000000728000000, 0x0000000728200000|  0%| F|  |TAMS 0x0000000728000000| PB 0x0000000728000000| Untracked 
|  59|0x0000000728200000, 0x0000000728200000, 0x0000000728400000|  0%| F|  |TAMS 0x0000000728200000| PB 0x0000000728200000| Untracked 
|  60|0x0000000728400000, 0x0000000728400000, 0x0000000728600000|  0%| F|  |TAMS 0x0000000728400000| PB 0x0000000728400000| Untracked 
|  61|0x0000000728600000, 0x0000000728600000, 0x0000000728800000|  0%| F|  |TAMS 0x0000000728600000| PB 0x0000000728600000| Untracked 
|  62|0x0000000728800000, 0x0000000728800000, 0x0000000728a00000|  0%| F|  |TAMS 0x0000000728800000| PB 0x0000000728800000| Untracked 
|  63|0x0000000728a00000, 0x0000000728a00000, 0x0000000728c00000|  0%| F|  |TAMS 0x0000000728a00000| PB 0x0000000728a00000| Untracked 
|  64|0x0000000728c00000, 0x0000000728c00000, 0x0000000728e00000|  0%| F|  |TAMS 0x0000000728c00000| PB 0x0000000728c00000| Untracked 
|  65|0x0000000728e00000, 0x0000000728e00000, 0x0000000729000000|  0%| F|  |TAMS 0x0000000728e00000| PB 0x0000000728e00000| Untracked 
|  66|0x0000000729000000, 0x0000000729000000, 0x0000000729200000|  0%| F|  |TAMS 0x0000000729000000| PB 0x0000000729000000| Untracked 
|  67|0x0000000729200000, 0x0000000729200000, 0x0000000729400000|  0%| F|  |TAMS 0x0000000729200000| PB 0x0000000729200000| Untracked 
|  68|0x0000000729400000, 0x0000000729400000, 0x0000000729600000|  0%| F|  |TAMS 0x0000000729400000| PB 0x0000000729400000| Untracked 
|  69|0x0000000729600000, 0x0000000729600000, 0x0000000729800000|  0%| F|  |TAMS 0x0000000729600000| PB 0x0000000729600000| Untracked 
|  70|0x0000000729800000, 0x0000000729800000, 0x0000000729a00000|  0%| F|  |TAMS 0x0000000729800000| PB 0x0000000729800000| Untracked 
|  71|0x0000000729a00000, 0x0000000729a00000, 0x0000000729c00000|  0%| F|  |TAMS 0x0000000729a00000| PB 0x0000000729a00000| Untracked 
|  72|0x0000000729c00000, 0x0000000729c00000, 0x0000000729e00000|  0%| F|  |TAMS 0x0000000729c00000| PB 0x0000000729c00000| Untracked 
|  73|0x0000000729e00000, 0x0000000729e00000, 0x000000072a000000|  0%| F|  |TAMS 0x0000000729e00000| PB 0x0000000729e00000| Untracked 
|  74|0x000000072a000000, 0x000000072a000000, 0x000000072a200000|  0%| F|  |TAMS 0x000000072a000000| PB 0x000000072a000000| Untracked 
|  75|0x000000072a200000, 0x000000072a200000, 0x000000072a400000|  0%| F|  |TAMS 0x000000072a200000| PB 0x000000072a200000| Untracked 
|  76|0x000000072a400000, 0x000000072a400000, 0x000000072a600000|  0%| F|  |TAMS 0x000000072a400000| PB 0x000000072a400000| Untracked 
|  77|0x000000072a600000, 0x000000072a600000, 0x000000072a800000|  0%| F|  |TAMS 0x000000072a600000| PB 0x000000072a600000| Untracked 
|  78|0x000000072a800000, 0x000000072a800000, 0x000000072aa00000|  0%| F|  |TAMS 0x000000072a800000| PB 0x000000072a800000| Untracked 
|  79|0x000000072aa00000, 0x000000072aa00000, 0x000000072ac00000|  0%| F|  |TAMS 0x000000072aa00000| PB 0x000000072aa00000| Untracked 
|  80|0x000000072ac00000, 0x000000072ac00000, 0x000000072ae00000|  0%| F|  |TAMS 0x000000072ac00000| PB 0x000000072ac00000| Untracked 
|  81|0x000000072ae00000, 0x000000072ae00000, 0x000000072b000000|  0%| F|  |TAMS 0x000000072ae00000| PB 0x000000072ae00000| Untracked 
|  82|0x000000072b000000, 0x000000072b000000, 0x000000072b200000|  0%| F|  |TAMS 0x000000072b000000| PB 0x000000072b000000| Untracked 
|  83|0x000000072b200000, 0x000000072b200000, 0x000000072b400000|  0%| F|  |TAMS 0x000000072b200000| PB 0x000000072b200000| Untracked 
|  84|0x000000072b400000, 0x000000072b400000, 0x000000072b600000|  0%| F|  |TAMS 0x000000072b400000| PB 0x000000072b400000| Untracked 
|  85|0x000000072b600000, 0x000000072b600000, 0x000000072b800000|  0%| F|  |TAMS 0x000000072b600000| PB 0x000000072b600000| Untracked 
|  86|0x000000072b800000, 0x000000072b800000, 0x000000072ba00000|  0%| F|  |TAMS 0x000000072b800000| PB 0x000000072b800000| Untracked 
|  87|0x000000072ba00000, 0x000000072ba00000, 0x000000072bc00000|  0%| F|  |TAMS 0x000000072ba00000| PB 0x000000072ba00000| Untracked 
|  88|0x000000072bc00000, 0x000000072bc00000, 0x000000072be00000|  0%| F|  |TAMS 0x000000072bc00000| PB 0x000000072bc00000| Untracked 
|  89|0x000000072be00000, 0x000000072be00000, 0x000000072c000000|  0%| F|  |TAMS 0x000000072be00000| PB 0x000000072be00000| Untracked 
|  90|0x000000072c000000, 0x000000072c000000, 0x000000072c200000|  0%| F|  |TAMS 0x000000072c000000| PB 0x000000072c000000| Untracked 
|  91|0x000000072c200000, 0x000000072c200000, 0x000000072c400000|  0%| F|  |TAMS 0x000000072c200000| PB 0x000000072c200000| Untracked 
|  92|0x000000072c400000, 0x000000072c400000, 0x000000072c600000|  0%| F|  |TAMS 0x000000072c400000| PB 0x000000072c400000| Untracked 
|  93|0x000000072c600000, 0x000000072c600000, 0x000000072c800000|  0%| F|  |TAMS 0x000000072c600000| PB 0x000000072c600000| Untracked 
|  94|0x000000072c800000, 0x000000072c800000, 0x000000072ca00000|  0%| F|  |TAMS 0x000000072c800000| PB 0x000000072c800000| Untracked 
|  95|0x000000072ca00000, 0x000000072ca00000, 0x000000072cc00000|  0%| F|  |TAMS 0x000000072ca00000| PB 0x000000072ca00000| Untracked 
|  96|0x000000072cc00000, 0x000000072cc00000, 0x000000072ce00000|  0%| F|  |TAMS 0x000000072cc00000| PB 0x000000072cc00000| Untracked 
|  97|0x000000072ce00000, 0x000000072ce00000, 0x000000072d000000|  0%| F|  |TAMS 0x000000072ce00000| PB 0x000000072ce00000| Untracked 
|  98|0x000000072d000000, 0x000000072d000000, 0x000000072d200000|  0%| F|  |TAMS 0x000000072d000000| PB 0x000000072d000000| Untracked 
|  99|0x000000072d200000, 0x000000072d200000, 0x000000072d400000|  0%| F|  |TAMS 0x000000072d200000| PB 0x000000072d200000| Untracked 
| 100|0x000000072d400000, 0x000000072d400000, 0x000000072d600000|  0%| F|  |TAMS 0x000000072d400000| PB 0x000000072d400000| Untracked 
| 101|0x000000072d600000, 0x000000072d600000, 0x000000072d800000|  0%| F|  |TAMS 0x000000072d600000| PB 0x000000072d600000| Untracked 
| 102|0x000000072d800000, 0x000000072d800000, 0x000000072da00000|  0%| F|  |TAMS 0x000000072d800000| PB 0x000000072d800000| Untracked 
| 103|0x000000072da00000, 0x000000072da00000, 0x000000072dc00000|  0%| F|  |TAMS 0x000000072da00000| PB 0x000000072da00000| Untracked 
| 104|0x000000072dc00000, 0x000000072dc00000, 0x000000072de00000|  0%| F|  |TAMS 0x000000072dc00000| PB 0x000000072dc00000| Untracked 
| 105|0x000000072de00000, 0x000000072de00000, 0x000000072e000000|  0%| F|  |TAMS 0x000000072de00000| PB 0x000000072de00000| Untracked 
| 106|0x000000072e000000, 0x000000072e000000, 0x000000072e200000|  0%| F|  |TAMS 0x000000072e000000| PB 0x000000072e000000| Untracked 
| 107|0x000000072e200000, 0x000000072e200000, 0x000000072e400000|  0%| F|  |TAMS 0x000000072e200000| PB 0x000000072e200000| Untracked 
| 108|0x000000072e400000, 0x000000072e400000, 0x000000072e600000|  0%| F|  |TAMS 0x000000072e400000| PB 0x000000072e400000| Untracked 
| 109|0x000000072e600000, 0x000000072e600000, 0x000000072e800000|  0%| F|  |TAMS 0x000000072e600000| PB 0x000000072e600000| Untracked 
| 110|0x000000072e800000, 0x000000072e800000, 0x000000072ea00000|  0%| F|  |TAMS 0x000000072e800000| PB 0x000000072e800000| Untracked 
| 111|0x000000072ea00000, 0x000000072eb70bd8, 0x000000072ec00000| 72%| E|  |TAMS 0x000000072ea00000| PB 0x000000072ea00000| Complete 

Card table byte_map: [0x00000296dfe00000,0x00000296e0500000] _byte_map_base: 0x00000296dc4fa000

Marking Bits: (CMBitMap*) 0x00000296ccda90e0
 Bits: [0x00000296e0500000, 0x00000296e3cd0000)

Polling page: 0x00000296caae0000

Metaspace:

Usage:
  Non-class:      3.62 MB used.
      Class:    310.05 KB used.
       Both:      3.93 MB used.

Virtual space:
  Non-class space:       64.00 MB reserved,       3.62 MB (  6%) committed,  1 nodes.
      Class space:        1.00 GB reserved,     320.00 KB ( <1%) committed,  1 nodes.
             Both:        1.06 GB reserved,       3.94 MB ( <1%) committed. 

Chunk freelists:
   Non-Class:  12.00 MB
       Class:  15.62 MB
        Both:  27.62 MB

MaxMetaspaceSize: unlimited
CompressedClassSpaceSize: 1.00 GB
Initial GC threshold: 21.00 MB
Current GC threshold: 21.00 MB
CDS: off
 - commit_granule_bytes: 65536.
 - commit_granule_words: 8192.
 - virtual_space_node_default_size: 8388608.
 - enlarge_chunks_in_place: 1.
 - use_allocation_guard: 0.


Internal statistics:

num_allocs_failed_limit: 0.
num_arena_births: 2.
num_arena_deaths: 0.
num_vsnodes_births: 2.
num_vsnodes_deaths: 0.
num_space_committed: 63.
num_space_uncommitted: 0.
num_chunks_returned_to_freelist: 0.
num_chunks_taken_from_freelist: 4.
num_chunk_merges: 0.
num_chunk_splits: 2.
num_chunks_enlarged: 0.
num_inconsistent_stats: 0.

CodeHeap 'non-profiled nmethods': size=120000Kb used=10Kb max_used=10Kb free=119989Kb
 bounds [0x00000296d81d0000, 0x00000296d8440000, 0x00000296df700000]
CodeHeap 'profiled nmethods': size=120000Kb used=63Kb max_used=63Kb free=119937Kb
 bounds [0x00000296d0700000, 0x00000296d0970000, 0x00000296d7c30000]
CodeHeap 'non-nmethods': size=5760Kb used=1131Kb max_used=1132Kb free=4628Kb
 bounds [0x00000296d7c30000, 0x00000296d7ea0000, 0x00000296d81d0000]
CodeCache: size=245760Kb, used=1204Kb, max_used=1205Kb, free=244554Kb
 total_blobs=345, nmethods=46, adapters=204, full_count=0
Compilation: enabled, stopped_count=0, restarted_count=0

Compilation events (20 events):
Event: 0.136 Thread 0x0000029684086e30 nmethod 38 0x00000296d0709d90 code [0x00000296d0709f40, 0x00000296d070a0e8]
Event: 0.136 Thread 0x0000029684086e30   37       3       java.util.ImmutableCollections$MapN::get (35 bytes)
Event: 0.137 Thread 0x0000029684086e30 nmethod 37 0x00000296d070a190 code [0x00000296d070a380, 0x00000296d070a728]
Event: 0.137 Thread 0x0000029684086e30   36       3       java.util.KeyValueHolder::<init> (21 bytes)
Event: 0.137 Thread 0x0000029684086e30 nmethod 36 0x00000296d070a890 code [0x00000296d070aa80, 0x00000296d070af58]
Event: 0.137 Thread 0x0000029684086e30   39       3       java.util.ImmutableCollections$SetN$SetNIterator::<init> (36 bytes)
Event: 0.137 Thread 0x0000029684086e30 nmethod 39 0x00000296d070b110 code [0x00000296d070b2c0, 0x00000296d070b4c8]
Event: 0.137 Thread 0x0000029684086e30   41       3       java.util.HashMap::hash (20 bytes)
Event: 0.137 Thread 0x0000029684086e30 nmethod 41 0x00000296d070b610 code [0x00000296d070b7c0, 0x00000296d070b9c8]
Event: 0.137 Thread 0x0000029684086e30   42   !   3       java.util.concurrent.ConcurrentHashMap::putVal (432 bytes)
Event: 0.139 Thread 0x0000029684086e30 nmethod 42 0x00000296d070ba90 code [0x00000296d070be20, 0x00000296d070d8d8]
Event: 0.139 Thread 0x0000029684086e30   43       3       java.util.concurrent.ConcurrentHashMap$Node::<init> (20 bytes)
Event: 0.140 Thread 0x0000029684086e30 nmethod 43 0x00000296d070e290 code [0x00000296d070e440, 0x00000296d070e678]
Event: 0.140 Thread 0x0000029684086e30   44       3       java.util.concurrent.ConcurrentHashMap::addCount (280 bytes)
Event: 0.141 Thread 0x0000029684086e30 nmethod 44 0x00000296d070e710 code [0x00000296d070e960, 0x00000296d070f248]
Event: 0.141 Thread 0x0000029684086e30   46       3       java.util.concurrent.ConcurrentHashMap::putIfAbsent (8 bytes)
Event: 0.141 Thread 0x0000029684086e30 nmethod 46 0x00000296d070f510 code [0x00000296d070f6c0, 0x00000296d070f800]
Event: 0.141 Thread 0x0000029684086e30   45       3       java.util.concurrent.ConcurrentHashMap::casTabAt (21 bytes)
Event: 0.141 Thread 0x0000029684086e30 nmethod 45 0x00000296d070f890 code [0x00000296d070fa20, 0x00000296d070fb98]
Event: 0.141 Thread 0x0000029684086e30   47       3       java.util.HashMap::putVal (300 bytes)

GC Heap History (0 events):
No events

Dll operation events (2 events):
Event: 0.008 Loaded shared library C:\Users\idont\.p2\pool\plugins\org.eclipse.justj.openjdk.hotspot.jre.full.win32.x86_64_21.0.9.v20251105-0741\jre\bin\java.dll
Event: 0.022 Loaded shared library C:\Users\idont\.p2\pool\plugins\org.eclipse.justj.openjdk.hotspot.jre.full.win32.x86_64_21.0.9.v20251105-0741\jre\bin\zip.dll

Deoptimization events (0 events):
No events

Classes loaded (20 events):
Event: 0.135 Loading class java/lang/module/Configuration
Event: 0.136 Loading class java/lang/module/Configuration done
Event: 0.136 Loading class java/lang/module/ResolvedModule
Event: 0.136 Loading class java/lang/module/ResolvedModule done
Event: 0.136 Loading class java/util/AbstractMap$1
Event: 0.136 Loading class java/util/AbstractMap$1 done
Event: 0.136 Loading class java/util/AbstractMap$1$1
Event: 0.136 Loading class java/util/AbstractMap$1$1 done
Event: 0.136 Loading class jdk/internal/module/ModuleLoaderMap
Event: 0.137 Loading class jdk/internal/module/ModuleLoaderMap done
Event: 0.137 Loading class jdk/internal/module/ModuleLoaderMap$Mapper
Event: 0.137 Loading class jdk/internal/module/ModuleLoaderMap$Mapper done
Event: 0.137 Loading class jdk/internal/module/ModuleLoaderMap$Modules
Event: 0.137 Loading class jdk/internal/module/ModuleLoaderMap$Modules done
Event: 0.138 Loading class java/lang/ModuleLayer
Event: 0.138 Loading class java/lang/ModuleLayer done
Event: 0.139 Loading class java/util/ImmutableCollections$ListItr
Event: 0.139 Loading class java/util/ListIterator
Event: 0.139 Loading class java/util/ListIterator done
Event: 0.139 Loading class java/util/ImmutableCollections$ListItr done

Classes unloaded (0 events):
No events

Classes redefined (0 events):
No events

Internal exceptions (0 events):
No events

ZGC Phase Switch (0 events):
No events

VM Operations (0 events):
No events

Memory protections (0 events):
No events

Nmethod flushes (0 events):
No events

Events (9 events):
Event: 0.019 Thread 0x00000296cab8f330 Thread added: 0x00000296cab8f330
Event: 0.099 Thread 0x00000296cab8f330 Thread added: 0x0000029684031100
Event: 0.100 Thread 0x00000296cab8f330 Thread added: 0x00000296840320b0
Event: 0.101 Thread 0x00000296cab8f330 Thread added: 0x000002968407cc70
Event: 0.102 Thread 0x00000296cab8f330 Thread added: 0x000002968407dad0
Event: 0.102 Thread 0x00000296cab8f330 Thread added: 0x000002968407e930
Event: 0.102 Thread 0x00000296cab8f330 Thread added: 0x0000029684081390
Event: 0.102 Thread 0x00000296cab8f330 Thread added: 0x0000029684082110
Event: 0.102 Thread 0x00000296cab8f330 Thread added: 0x0000029684086e30


Dynamic libraries:
0x00007ff65dcd0000 - 0x00007ff65dcde000 	C:\Users\idont\.p2\pool\plugins\org.eclipse.justj.openjdk.hotspot.jre.full.win32.x86_64_21.0.9.v20251105-0741\jre\bin\javaw.exe
0x00007ffa5dfd0000 - 0x00007ffa5e1c8000 	C:\Windows\SYSTEM32\ntdll.dll
0x00007ffa5d320000 - 0x00007ffa5d3e2000 	C:\Windows\System32\KERNEL32.DLL
0x00007ffa5b7f0000 - 0x00007ffa5bae6000 	C:\Windows\System32\KERNELBASE.dll
0x00007ffa5bcf0000 - 0x00007ffa5bdf0000 	C:\Windows\System32\ucrtbase.dll
0x00007ffa570a0000 - 0x00007ffa570b8000 	C:\Users\idont\.p2\pool\plugins\org.eclipse.justj.openjdk.hotspot.jre.full.win32.x86_64_21.0.9.v20251105-0741\jre\bin\jli.dll
0x00007ffa56f60000 - 0x00007ffa56f7e000 	C:\Users\idont\.p2\pool\plugins\org.eclipse.justj.openjdk.hotspot.jre.full.win32.x86_64_21.0.9.v20251105-0741\jre\bin\VCRUNTIME140.dll
0x00007ffa5dd80000 - 0x00007ffa5df21000 	C:\Windows\System32\USER32.dll
0x00007ffa5b7c0000 - 0x00007ffa5b7e2000 	C:\Windows\System32\win32u.dll
0x00007ffa5dd50000 - 0x00007ffa5dd7b000 	C:\Windows\System32\GDI32.dll
0x00007ffa48fc0000 - 0x00007ffa4925b000 	C:\Windows\WinSxS\amd64_microsoft.windows.common-controls_6595b64144ccf1df_6.0.19041.6456_none_60b8a6cb71f64256\COMCTL32.dll
0x00007ffa5bed0000 - 0x00007ffa5bfe9000 	C:\Windows\System32\gdi32full.dll
0x00007ffa5d3f0000 - 0x00007ffa5d48e000 	C:\Windows\System32\msvcrt.dll
0x00007ffa5bc50000 - 0x00007ffa5bced000 	C:\Windows\System32\msvcp_win.dll
0x00007ffa5c790000 - 0x00007ffa5c7bf000 	C:\Windows\System32\IMM32.DLL
0x00007ffa58260000 - 0x00007ffa5826c000 	C:\Users\idont\.p2\pool\plugins\org.eclipse.justj.openjdk.hotspot.jre.full.win32.x86_64_21.0.9.v20251105-0741\jre\bin\vcruntime140_1.dll
0x00007ffa52fc0000 - 0x00007ffa5304d000 	C:\Users\idont\.p2\pool\plugins\org.eclipse.justj.openjdk.hotspot.jre.full.win32.x86_64_21.0.9.v20251105-0741\jre\bin\msvcp140.dll
0x00007ff9e0560000 - 0x00007ff9e1300000 	C:\Users\idont\.p2\pool\plugins\org.eclipse.justj.openjdk.hotspot.jre.full.win32.x86_64_21.0.9.v20251105-0741\jre\bin\server\jvm.dll
0x00007ffa5c9e0000 - 0x00007ffa5ca91000 	C:\Windows\System32\ADVAPI32.dll
0x00007ffa5dc00000 - 0x00007ffa5dc9f000 	C:\Windows\System32\sechost.dll
0x00007ffa5cb40000 - 0x00007ffa5cc60000 	C:\Windows\System32\RPCRT4.dll
0x00007ffa5b6e0000 - 0x00007ffa5b707000 	C:\Windows\System32\bcrypt.dll
0x00007ffa5c7c0000 - 0x00007ffa5c82b000 	C:\Windows\System32\WS2_32.dll
0x00007ffa5b4c0000 - 0x00007ffa5b50b000 	C:\Windows\SYSTEM32\POWRPROF.dll
0x00007ffa574b0000 - 0x00007ffa574d7000 	C:\Windows\SYSTEM32\WINMM.dll
0x00007ffa529f0000 - 0x00007ffa529fa000 	C:\Windows\SYSTEM32\VERSION.dll
0x00007ffa5b4a0000 - 0x00007ffa5b4b2000 	C:\Windows\SYSTEM32\UMPDC.dll
0x00007ffa59ec0000 - 0x00007ffa59ed2000 	C:\Windows\SYSTEM32\kernel.appcore.dll
0x00007ffa54510000 - 0x00007ffa5451a000 	C:\Users\idont\.p2\pool\plugins\org.eclipse.justj.openjdk.hotspot.jre.full.win32.x86_64_21.0.9.v20251105-0741\jre\bin\jimage.dll
0x00007ffa59c50000 - 0x00007ffa59e51000 	C:\Windows\SYSTEM32\DBGHELP.DLL
0x00007ffa42440000 - 0x00007ffa42474000 	C:\Windows\SYSTEM32\dbgcore.DLL
0x00007ffa5bdf0000 - 0x00007ffa5be72000 	C:\Windows\System32\bcryptPrimitives.dll
0x00007ffa4d810000 - 0x00007ffa4d830000 	C:\Users\idont\.p2\pool\plugins\org.eclipse.justj.openjdk.hotspot.jre.full.win32.x86_64_21.0.9.v20251105-0741\jre\bin\java.dll
0x00007ffa4d7f0000 - 0x00007ffa4d808000 	C:\Users\idont\.p2\pool\plugins\org.eclipse.justj.openjdk.hotspot.jre.full.win32.x86_64_21.0.9.v20251105-0741\jre\bin\zip.dll
0x00007ffa5d490000 - 0x00007ffa5dc00000 	C:\Windows\System32\SHELL32.dll
0x00007ffa594a0000 - 0x00007ffa59c45000 	C:\Windows\SYSTEM32\windows.storage.dll
0x00007ffa5c120000 - 0x00007ffa5c474000 	C:\Windows\System32\combase.dll
0x00007ffa5afb0000 - 0x00007ffa5afdb000 	C:\Windows\SYSTEM32\Wldp.dll
0x00007ffa5c650000 - 0x00007ffa5c71d000 	C:\Windows\System32\OLEAUT32.dll
0x00007ffa5dca0000 - 0x00007ffa5dd4d000 	C:\Windows\System32\SHCORE.dll
0x00007ffa5cd50000 - 0x00007ffa5cdab000 	C:\Windows\System32\shlwapi.dll
0x00007ffa5b590000 - 0x00007ffa5b5b4000 	C:\Windows\SYSTEM32\profapi.dll

JVMTI agents: none

dbghelp: loaded successfully - version: 4.0.5 - missing functions: none
symbol engine: initialized successfully - sym options: 0x614 - pdb path: .;C:\Users\idont\.p2\pool\plugins\org.eclipse.justj.openjdk.hotspot.jre.full.win32.x86_64_21.0.9.v20251105-0741\jre\bin;C:\Windows\SYSTEM32;C:\Windows\WinSxS\amd64_microsoft.windows.common-controls_6595b64144ccf1df_6.0.19041.6456_none_60b8a6cb71f64256;C:\Users\idont\.p2\pool\plugins\org.eclipse.justj.openjdk.hotspot.jre.full.win32.x86_64_21.0.9.v20251105-0741\jre\bin\server

VM Arguments:
jvm_args: -Dfile.encoding=UTF-8 -Dstdout.encoding=UTF-8 -Dstderr.encoding=UTF-8 -XX:+ShowCodeDetailsInExceptionMessages 
java_command: main.Main
java_class_path (initial): E:\DevEnv\Projects\Java\v2_StudentInfoSystem\bin
Launcher Type: SUN_STANDARD

[Global flags]
     intx CICompilerCount                          = 3                                         {product} {ergonomic}
     uint ConcGCThreads                            = 1                                         {product} {ergonomic}
     uint G1ConcRefinementThreads                  = 4                                         {product} {ergonomic}
   size_t G1HeapRegionSize                         = 2097152                                   {product} {ergonomic}
    uintx GCDrainStackTargetSize                   = 64                                        {product} {ergonomic}
   size_t InitialHeapSize                          = 234881024                                 {product} {ergonomic}
   size_t MarkStackSize                            = 4194304                                   {product} {ergonomic}
   size_t MaxHeapSize                              = 3745513472                                {product} {ergonomic}
   size_t MaxNewSize                               = 2246049792                                {product} {ergonomic}
   size_t MinHeapDeltaBytes                        = 2097152                                   {product} {ergonomic}
   size_t MinHeapSize                              = 8388608                                   {product} {ergonomic}
    uintx NonNMethodCodeHeapSize                   = 5832780                                {pd product} {ergonomic}
    uintx NonProfiledCodeHeapSize                  = 122912730                              {pd product} {ergonomic}
    uintx ProfiledCodeHeapSize                     = 122912730                              {pd product} {ergonomic}
    uintx ReservedCodeCacheSize                    = 251658240                              {pd product} {ergonomic}
     bool SegmentedCodeCache                       = true                                      {product} {ergonomic}
     bool ShowCodeDetailsInExceptionMessages       = true                                   {manageable} {command line}
   size_t SoftMaxHeapSize                          = 3745513472                             {manageable} {ergonomic}
     bool UseCompressedOops                        = true                           {product lp64_product} {ergonomic}
     bool UseG1GC                                  = true                                      {product} {ergonomic}
     bool UseLargePagesIndividualAllocation        = false                                  {pd product} {ergonomic}

Logging:
Log output configuration:
 #0: stdout all=warning uptime,level,tags foldmultilines=false
 #1: stderr all=off uptime,level,tags foldmultilines=false

Release file:
<release file has not been read>
Environment Variables:
PATH=C:/Users/idont/.p2/pool/plugins/org.eclipse.justj.openjdk.hotspot.jre.full.win32.x86_64_21.0.9.v20251105-0741/jre/bin/server;C:/Users/idont/.p2/pool/plugins/org.eclipse.justj.openjdk.hotspot.jre.full.win32.x86_64_21.0.9.v20251105-0741/jre/bin;C:\Python314\Scripts\;C:\Python314\;E:\DevEnv\Languages\Java\jdk-21.0.7\bin\;C:\Windows\system32;C:\Windows;C:\Windows\System32\Wbem;C:\Windows\System32\WindowsPowerShell\v1.0\;C:\Windows\System32\OpenSSH\;E:\Program Files\7-Zip;C:\ProgramData\chocolatey\bin;C:\Program Files (x86)\Windows Kits\10\Windows Performance Toolkit\;C:\Program Files\dotnet\;E:\DevEnv\Languages\Go\bin;C:\Program Files\nodejs\;E:\DevEnv\Android_Platform_Tools\;C:\Program Files\Git\cmd;C:\Users\idont\AppData\Local\Microsoft\WindowsApps;C:\Users\idont\go\bin;C:\Users\idont\AppData\Roaming\npm;C:\Windows\System32;
USERNAME=idont
OS=Windows_NT
PROCESSOR_IDENTIFIER=AMD64 Family 23 Model 17 Stepping 0, AuthenticAMD
TMP=C:\Users\idont\AppData\Local\Temp
TEMP=C:\Users\idont\AppData\Local\Temp




Periodic native trim disabled

---------------  S Y S T E M  ---------------

OS:
 Windows 10 , 64 bit Build 19041 (10.0.19041.5915)
OS uptime: 4 days 5:03 hours

CPU: total 4 (initial active 4) (4 cores per cpu, 1 threads per core) family 23 model 17 stepping 0 microcode 0x0, cx8, cmov, fxsr, mmx, 3dnowpref, sse, sse2, sse3, ssse3, sse4a, sse4.1, sse4.2, popcnt, lzcnt, tsc, tscinvbit, avx, avx2, aes, clmul, bmi1, bmi2, adx, sha, fma, vzeroupper, clflush, clflushopt, rdtscp, f16c
Processor Information for the first 4 processors :
  Max Mhz: 3500, Current Mhz: 3500, Mhz Limit: 3500

Memory: 4k page, system-wide physical 14284M (3382M free)
TotalPageFile size 28591M (AvailPageFile size 1M)
current process WorkingSet (physical memory assigned to process): 29M, peak: 29M
current process commit charge ("private bytes"): 289M, peak: 293M

vm_info: OpenJDK 64-Bit Server VM (21.0.9+10-LTS) for windows-amd64 JRE (21.0.9+10-LTS), built on 2025-10-21T00:00:00Z by "admin" with unknown MS VC++:1942

END.
